DEBUG 2023-01-15 00:00:10[http-nio-8080-exec-8] [org.hibernate.engine.jdbc.spi.SqlStatementLogger] [SQL:144] - 
    select
        characters0_.character_name as characte1_5_,
        characters0_.mod_date as mod_date2_5_,
        characters0_.mod_user as mod_user3_5_,
        characters0_.reg_date as reg_date4_5_,
        characters0_.reg_user as reg_user5_5_,
        characters0_.area_type as area_typ6_5_,
        characters0_.company_type as company_7_5_,
        characters0_.deal_type as deal_typ8_5_,
        characters0_.default_star as default_9_5_,
        characters0_.profile as profile10_5_,
        characters0_.role_type as role_ty11_5_ 
    from
        characters characters0_ 
    where
        characters0_.character_name=?
DEBUG 2023-01-15 00:00:10[http-nio-8080-exec-8] [org.hibernate.engine.jdbc.spi.SqlStatementLogger] [SQL:144] - 
    select
        allskillsl0_.character_name as characte1_2_0_,
        allskillsl0_.skill_name as skill_na2_2_0_,
        allskillsl0_.character_name as characte1_2_1_,
        allskillsl0_.skill_name as skill_na2_2_1_,
        allskillsl0_.mod_date as mod_date3_2_1_,
        allskillsl0_.mod_user as mod_user4_2_1_,
        allskillsl0_.reg_date as reg_date5_2_1_,
        allskillsl0_.reg_user as reg_user6_2_1_,
        allskillsl0_.effect as effect7_2_1_,
        allskillsl0_.skill_explain as skill_ex8_2_1_,
        allskillsl0_.skill_type as skill_ty9_2_1_ 
    from
        all_skills allskillsl0_ 
    where
        allskillsl0_.character_name=?
DEBUG 2023-01-15 00:00:10[http-nio-8080-exec-8] [org.hibernate.engine.jdbc.spi.SqlStatementLogger] [SQL:144] - 
    select
        algorithms0_.character_name as characte2_0_0_,
        algorithms0_.algorithm_type as algorith1_0_0_,
        algorithms0_.algorithm_type as algorith1_0_1_,
        algorithms0_.character_name as characte2_0_1_,
        algorithms0_.mod_date as mod_date3_0_1_,
        algorithms0_.mod_user as mod_user4_0_1_,
        algorithms0_.reg_date as reg_date5_0_1_,
        algorithms0_.reg_user as reg_user6_0_1_,
        algorithms0_.main_opt as main_opt7_0_1_,
        algorithms0_.set_algorithm_name as set_algo8_0_1_,
        algorithms0_.sub_opt as sub_opt9_0_1_,
        algorithms0_.sub_opt2 as sub_opt10_0_1_ 
    from
        algorithm algorithms0_ 
    where
        algorithms0_.character_name=?
DEBUG 2023-01-15 00:00:10[http-nio-8080-exec-8] [org.hibernate.engine.jdbc.spi.SqlStatementLogger] [SQL:144] - 
    select
        setalgorit0_.set_algorithm_name as set_algo1_14_0_,
        setalgorit0_.mod_date as mod_date2_14_0_,
        setalgorit0_.mod_user as mod_user3_14_0_,
        setalgorit0_.reg_date as reg_date4_14_0_,
        setalgorit0_.reg_user as reg_user5_14_0_,
        setalgorit0_.algorithm_type as algorith6_14_0_,
        setalgorit0_.pick_up_day as pick_up_7_14_0_,
        setalgorit0_.three_set_opt as three_se8_14_0_,
        setalgorit0_.two_set_opt as two_set_9_14_0_ 
    from
        set_algorithm setalgorit0_ 
    where
        setalgorit0_.set_algorithm_name=?
DEBUG 2023-01-15 00:00:10[http-nio-8080-exec-8] [org.hibernate.engine.jdbc.spi.SqlStatementLogger] [SQL:144] - 
    select
        setalgorit0_.set_algorithm_name as set_algo1_14_0_,
        setalgorit0_.mod_date as mod_date2_14_0_,
        setalgorit0_.mod_user as mod_user3_14_0_,
        setalgorit0_.reg_date as reg_date4_14_0_,
        setalgorit0_.reg_user as reg_user5_14_0_,
        setalgorit0_.algorithm_type as algorith6_14_0_,
        setalgorit0_.pick_up_day as pick_up_7_14_0_,
        setalgorit0_.three_set_opt as three_se8_14_0_,
        setalgorit0_.two_set_opt as two_set_9_14_0_ 
    from
        set_algorithm setalgorit0_ 
    where
        setalgorit0_.set_algorithm_name=?
DEBUG 2023-01-15 00:00:10[http-nio-8080-exec-8] [org.hibernate.engine.jdbc.spi.SqlStatementLogger] [SQL:144] - 
    select
        setalgorit0_.set_algorithm_name as set_algo1_14_0_,
        setalgorit0_.mod_date as mod_date2_14_0_,
        setalgorit0_.mod_user as mod_user3_14_0_,
        setalgorit0_.reg_date as reg_date4_14_0_,
        setalgorit0_.reg_user as reg_user5_14_0_,
        setalgorit0_.algorithm_type as algorith6_14_0_,
        setalgorit0_.pick_up_day as pick_up_7_14_0_,
        setalgorit0_.three_set_opt as three_se8_14_0_,
        setalgorit0_.two_set_opt as two_set_9_14_0_ 
    from
        set_algorithm setalgorit0_ 
    where
        setalgorit0_.set_algorithm_name=?
DEBUG 2023-01-15 00:00:10[http-nio-8080-exec-8] [org.hibernate.engine.jdbc.spi.SqlStatementLogger] [SQL:144] - 
    select
        goodschara0_.character_name as characte2_6_0_,
        goodschara0_.goods_name as goods_na1_6_0_,
        goodschara0_.goods_name as goods_na1_6_1_,
        goodschara0_.character_name as characte2_6_1_,
        goodschara0_.mod_date as mod_date3_6_1_,
        goodschara0_.mod_user as mod_user4_6_1_,
        goodschara0_.reg_date as reg_date5_6_1_,
        goodschara0_.reg_user as reg_user6_6_1_,
        goodschara0_.goods_like as goods_li7_6_1_ 
    from
        goods_character goodschara0_ 
    where
        goodschara0_.character_name=?
DEBUG 2023-01-15 00:00:10[http-nio-8080-exec-8] [org.hibernate.engine.jdbc.spi.SqlStatementLogger] [SQL:144] - 
    select
        allgoods0_.goods_name as goods_na1_1_0_,
        allgoods0_.mod_date as mod_date2_1_0_,
        allgoods0_.mod_user as mod_user3_1_0_,
        allgoods0_.reg_date as reg_date4_1_0_,
        allgoods0_.reg_user as reg_user5_1_0_,
        allgoods0_.goods_level as goods_le6_1_0_,
        allgoods0_.hate_exp as hate_exp7_1_0_,
        allgoods0_.like_exp as like_exp8_1_0_,
        allgoods0_.normal_exp as normal_e9_1_0_ 
    from
        all_goods allgoods0_ 
    where
        allgoods0_.goods_name=?
DEBUG 2023-01-15 00:00:10[http-nio-8080-exec-8] [org.hibernate.engine.jdbc.spi.SqlStatementLogger] [SQL:144] - 
    select
        allgoods0_.goods_name as goods_na1_1_0_,
        allgoods0_.mod_date as mod_date2_1_0_,
        allgoods0_.mod_user as mod_user3_1_0_,
        allgoods0_.reg_date as reg_date4_1_0_,
        allgoods0_.reg_user as reg_user5_1_0_,
        allgoods0_.goods_level as goods_le6_1_0_,
        allgoods0_.hate_exp as hate_exp7_1_0_,
        allgoods0_.like_exp as like_exp8_1_0_,
        allgoods0_.normal_exp as normal_e9_1_0_ 
    from
        all_goods allgoods0_ 
    where
        allgoods0_.goods_name=?
DEBUG 2023-01-15 00:00:10[http-nio-8080-exec-8] [org.hibernate.engine.jdbc.spi.SqlStatementLogger] [SQL:144] - 
    select
        allgoods0_.goods_name as goods_na1_1_0_,
        allgoods0_.mod_date as mod_date2_1_0_,
        allgoods0_.mod_user as mod_user3_1_0_,
        allgoods0_.reg_date as reg_date4_1_0_,
        allgoods0_.reg_user as reg_user5_1_0_,
        allgoods0_.goods_level as goods_le6_1_0_,
        allgoods0_.hate_exp as hate_exp7_1_0_,
        allgoods0_.like_exp as like_exp8_1_0_,
        allgoods0_.normal_exp as normal_e9_1_0_ 
    from
        all_goods allgoods0_ 
    where
        allgoods0_.goods_name=?
DEBUG 2023-01-15 00:00:10[http-nio-8080-exec-8] [org.hibernate.engine.jdbc.spi.SqlStatementLogger] [SQL:144] - 
    select
        goodsstatu0_.character_name as characte1_8_0_,
        goodsstatu0_.goods_status_name as goods_st2_8_0_,
        goodsstatu0_.character_name as characte1_8_1_,
        goodsstatu0_.goods_status_name as goods_st2_8_1_,
        goodsstatu0_.mod_date as mod_date3_8_1_,
        goodsstatu0_.mod_user as mod_user4_8_1_,
        goodsstatu0_.reg_date as reg_date5_8_1_,
        goodsstatu0_.reg_user as reg_user6_8_1_,
        goodsstatu0_.status_level as status_l7_8_1_ 
    from
        goods_status_character goodsstatu0_ 
    where
        goodsstatu0_.character_name=?
DEBUG 2023-01-15 00:00:10[http-nio-8080-exec-8] [org.hibernate.engine.jdbc.spi.SqlStatementLogger] [SQL:144] - 
    select
        goodsstatu0_.goods_status_name as goods_st1_7_0_,
        goodsstatu0_.mod_date as mod_date2_7_0_,
        goodsstatu0_.mod_user as mod_user3_7_0_,
        goodsstatu0_.reg_date as reg_date4_7_0_,
        goodsstatu0_.reg_user as reg_user5_7_0_,
        goodsstatu0_.status as status6_7_0_ 
    from
        goods_status goodsstatu0_ 
    where
        goodsstatu0_.goods_status_name=?
DEBUG 2023-01-15 00:00:10[http-nio-8080-exec-8] [org.hibernate.engine.jdbc.spi.SqlStatementLogger] [SQL:144] - 
    select
        goodsstatu0_.goods_status_name as goods_st1_7_0_,
        goodsstatu0_.mod_date as mod_date2_7_0_,
        goodsstatu0_.mod_user as mod_user3_7_0_,
        goodsstatu0_.reg_date as reg_date4_7_0_,
        goodsstatu0_.reg_user as reg_user5_7_0_,
        goodsstatu0_.status as status6_7_0_ 
    from
        goods_status goodsstatu0_ 
    where
        goodsstatu0_.goods_status_name=?
DEBUG 2023-01-15 00:00:10[http-nio-8080-exec-8] [org.hibernate.engine.jdbc.spi.SqlStatementLogger] [SQL:144] - 
    select
        goodsstatu0_.goods_status_name as goods_st1_7_0_,
        goodsstatu0_.mod_date as mod_date2_7_0_,
        goodsstatu0_.mod_user as mod_user3_7_0_,
        goodsstatu0_.reg_date as reg_date4_7_0_,
        goodsstatu0_.reg_user as reg_user5_7_0_,
        goodsstatu0_.status as status6_7_0_ 
    from
        goods_status goodsstatu0_ 
    where
        goodsstatu0_.goods_status_name=?
DEBUG 2023-01-15 00:00:10[http-nio-8080-exec-8] [org.hibernate.engine.jdbc.spi.SqlStatementLogger] [SQL:144] - 
    select
        skinslist0_.character_name as characte1_15_0_,
        skinslist0_.type as type2_15_0_,
        skinslist0_.character_name as characte1_15_1_,
        skinslist0_.type as type2_15_1_,
        skinslist0_.mod_date as mod_date3_15_1_,
        skinslist0_.mod_user as mod_user4_15_1_,
        skinslist0_.reg_date as reg_date5_15_1_,
        skinslist0_.reg_user as reg_user6_15_1_,
        skinslist0_.release_date as release_7_15_1_,
        skinslist0_.std_name as std_name8_15_1_ 
    from
        skins skinslist0_ 
    where
        skinslist0_.character_name=?
